1 2025-01-07 20:59:54 Daisy 24
2 2025-01-07 20:59:57 Minnie 90
3 2025-01-07 20:59:57 Donald 17
4 2025-01-07 20:59:59 Goofy 19
5 2025-01-07 21:00:03 Daisy 84
6 2025-01-07 21:00:07 Donald 17
7 2025-01-07 21:00:12 Donald 77
8 2025-01-07 21:00:14 Mickey 34
9 2025-01-07 21:00:19 Goofy 20
10 2025-01-07 21:00:23 Daisy 83
11 2025-01-07 21:00:28 Minnie 55
12 2025-01-07 21:00:31 Goofy 86
13 2025-01-07 21:00:33 Goofy 13
14 2025-01-07 21:00:35 Minnie 15
15 2025-01-07 21:00:40 Mickey 80
16 2025-01-07 21:00:45 Daisy 83
17 2025-01-07 21:00:49 Minnie 36
18 2025-01-07 21:00:49 Minnie 40
19 2025-01-07 21:00:54 Mickey 68
20 2025-01-07 21:00:55 Mickey 41
21 2025-01-07 21:00:56 Mickey 10
22 2025-01-07 21:01:01 Donald 19
23 2025-01-07 21:01:01 Minnie 14
24 2025-01-07 21:01:06 Goofy 84
25 2025-01-07 21:01:10 Goofy 14
26 2025-01-07 21:01:12 Minnie 26
27 2025-01-07 21:01:12 Mickey 49
28 2025-01-07 21:01:13 Mickey 39
29 2025-01-07 21:01:18 Daisy 100
30 2025-01-07 21:01:18 Mickey 71
31 2025-01-07 21:01:19 Mickey 75
32 2025-01-07 21:01:19 Minnie 45
33 2025-01-07 21:01:22 Mickey 73
34 2025-01-07 21:01:25 Mickey 53
35 2025-01-07 21:01:28 Daisy 28
36 2025-01-07 21:01:32 Mickey 19
37 2025-01-07 21:01:37 Donald 17
38 2025-01-07 21:01:42 Goofy 56
39 2025-01-07 21:01:43 Minnie 88
40 2025-01-07 21:01:47 Mickey 1
41 2025-01-07 21:01:51 Daisy 37
42 2025-01-07 21:01:51 Mickey 39
43 2025-01-07 21:01:55 Donald 19
44 2025-01-07 21:01:59 Mickey 4
45 2025-01-07 21:02:04 Daisy 1
46 2025-01-07 21:02:08 Minnie 45
47 2025-01-07 21:02:12 Daisy 99
48 2025-01-07 21:02:12 Donald 0
49 2025-01-07 21:02:12 Goofy 86
50 2025-01-07 21:02:12 Donald 7
51 2025-01-07 21:02:12 Minnie 31
52 2025-01-07 21:02:15 Donald 26
53 2025-01-07 21:02:18 Goofy 72
54 2025-01-07 21:02:21 Mickey 61
55 2025-01-07 21:02:24 Mickey 52
56 2025-01-07 21:02:29 Daisy 51
57 2025-01-07 21:02:34 Goofy 58
58 2025-01-07 21:02:38 Goofy 33
59 2025-01-07 21:02:43 Mickey 76
60 2025-01-07 21:02:48 Donald 68
61 2025-01-07 21:02:51 Donald 98
62 2025-01-07 21:02:52 Donald 21
63 2025-01-07 21:02:55 Mickey 54
64 2025-01-07 21:02:55 Goofy 76
65 2025-01-07 21:02:57 Minnie 100
66 2025-01-07 21:03:01 Mickey 41
67 2025-01-07 21:03:05 Daisy 2
68 2025-01-07 21:03:09 Donald 74
69 2025-01-07 21:03:11 Mickey 23
70 2025-01-07 21:03:11 Donald 43
71 2025-01-07 21:03:16 Goofy 73
72 2025-01-07 21:03:18 Minnie 25
73 2025-01-07 21:03:23 Minnie 21
74 2025-01-07 21:03:23 Minnie 56
75 2025-01-07 21:03:23 Goofy 85
76 2025-01-07 21:03:28 Goofy 73
77 2025-01-07 21:03:28 Minnie 79
78 2025-01-07 21:03:30 Goofy 33
79 2025-01-07 21:03:35 Minnie 97
80 2025-01-07 21:03:37 Donald 50
81 2025-01-07 21:03:42 Goofy 1
82 2025-01-07 21:03:42 Daisy 8
83 2025-01-07 21:03:47 Mickey 93
84 2025-01-07 21:03:49 Mickey 16
85 2025-01-07 21:03:50 Donald 63
86 2025-01-07 21:03:50 Donald 75
87 2025-01-07 21:03:51 Donald 77
88 2025-01-07 21:03:57 Minnie 39
89 2025-01-07 21:04:01 Goofy 17
90 2025-01-07 21:04:01 Daisy 7
91 2025-01-07 21:04:04 Goofy 38
92 2025-01-07 21:04:09 Mickey 58
93 2025-01-07 21:04:10 Daisy 51
94 2025-01-07 21:04:12 Daisy 78
95 2025-01-07 21:04:15 Mickey 31
96 2025-01-07 21:04:18 Mickey 32
97 2025-01-07 21:04:21 Goofy 61
98 2025-01-07 21:04:26 Goofy 55
99 2025-01-07 21:04:26 Daisy 30
100 2025-01-07 21:04:30 Daisy 4
101 2025-01-07 21:04:34 Donald 48
102 2025-01-07 21:04:39 Donald 44
103 2025-01-07 21:04:42 Mickey 53
104 2025-01-07 21:04:47 Daisy 62
105 2025-01-07 21:04:48 Mickey 91
106 2025-01-07 21:04:52 Donald 28
