1 1736284861 4
2 1736284862 4
3 1736284863 5
4 1736284864 3
5 1736284866 1
6 1736284867 4
7 1736284868 1
8 1736284869 4
9 1736284870 0
10 1736284871 1
11 1736284872 0
12 1736284873 1
13 1736284874 5
14 1736284875 4
15 1736284876 1
16 1736284877 2
17 1736284878 3
18 1736284879 5
19 1736284880 3
20 1736284881 0
21 1736284882 5
22 1736284883 3
23 1736284884 5
24 1736284885 2
25 1736284886 4
26 1736284887 1
27 1736284888 1
28 1736284889 5
29 1736284890 3
30 1736284891 0
31 1736284892 4
32 1736284893 3
33 1736284894 0
34 1736284895 2
35 1736284896 1
36 1736284897 4
37 1736284898 4
38 1736284899 1
39 1736284901 0
40 1736284902 1
41 1736284903 4
42 1736284904 5
43 1736284905 5
44 1736284906 5
45 1736284907 5
46 1736284908 3
47 1736284909 1
48 1736284910 0
49 1736284911 4
50 1736284912 5
51 1736284913 5
52 1736284914 0
53 1736284915 5
54 1736284916 2
55 1736284917 5
56 1736284918 5
57 1736284919 3
58 1736284920 3
59 1736284921 1
60 1736284922 0
61 1736284923 5
62 1736284924 5
63 1736284925 1
64 1736284926 4
65 1736284927 3
66 1736284928 0
67 1736284929 3
68 1736284930 3
69 1736284931 4
70 1736284932 0
71 1736284933 3
72 1736284934 5
73 1736284936 5
74 1736284937 4
75 1736284938 3
76 1736284939 2
77 1736284940 5
78 1736284941 4
79 1736284942 1
80 1736284943 2
81 1736284944 4
82 1736284945 2
83 1736284946 1
84 1736284947 5
85 1736284948 3
86 1736284949 5
87 1736284950 5
88 1736284951 2
89 1736284952 1
90 1736284953 1
91 1736284954 0
92 1736284955 4
93 1736284956 3
94 1736284957 0
95 1736284958 3
96 1736284959 3
97 1736284960 2
98 1736284961 5
99 1736284962 0
100 1736284963 3